<?xml version="1.0" encoding="UTF-8"?>
<testng-results ignored="0" total="1" passed="1" failed="0" skipped="0">
  <reporter-output>
  </reporter-output>
  <suite started-at="2021-11-11T07:31:21Z" name="Default suite" finished-at="2021-11-11T07:31:41Z" duration-ms="20499">
    <groups>
    </groups>
    <test started-at="2021-11-11T07:31:21Z" name="Default test" finished-at="2021-11-11T07:31:41Z" duration-ms="20499">
      <class name="selenium.checkEnvironment">
        <test-method is-config="true" signature="beforeClass()[pri:0, instance:selenium.checkEnvironment@3b0090a4]" started-at="2021-11-11T07:31:21Z" name="beforeClass" finished-at="2021-11-11T07:31:40Z" duration-ms="19814" status="PASS">
          <reporter-output>
          </reporter-output>
        </test-method> <!-- beforeClass -->
        <test-method signature="f()[pri:0, instance:selenium.checkEnvironment@3b0090a4]" started-at="2021-11-11T07:31:40Z" name="f" finished-at="2021-11-11T07:31:40Z" duration-ms="9" status="PASS">
          <reporter-output>
          </reporter-output>
        </test-method> <!-- f -->
        <test-method is-config="true" signature="afterClass()[pri:0, instance:selenium.checkEnvironment@3b0090a4]" started-at="2021-11-11T07:31:40Z" name="afterClass" finished-at="2021-11-11T07:31:41Z" duration-ms="663" status="PASS">
          <reporter-output>
          </reporter-output>
        </test-method> <!-- afterClass -->
      </class> <!-- selenium.checkEnvironment -->
    </test> <!-- Default test -->
  </suite> <!-- Default suite -->
</testng-results>
